[2022-02-27 22:52:32] [ ERROR] [mainZara:29] An exception! Error!
java.io.FileNotFoundException: C:\Users\aguci\eclipse-workspace\zara-project\src\main\resources\stocks-ITX.cv (El sistema no puede encontrar el archivo especificado)
	at java.io.FileInputStream.open0(Native Method)
	at java.io.FileInputStream.open(FileInputStream.java:195)
	at java.io.FileInputStream.<init>(FileInputStream.java:138)
	at java.io.FileInputStream.<init>(FileInputStream.java:93)
	at java.io.FileReader.<init>(FileReader.java:58)
	at com.sinensia.servicios.Metodos.leerValores(Metodos.java:29)
	at com.sinensia.zara.mainZara.main(mainZara.java:20)
[2022-02-27 22:52:32] [ ERROR] [mainZara:29] An exception! Error!
java.io.FileNotFoundException: C:\Users\aguci\eclipse-workspace\zara-project\src\main\resources\stocks-ITX.cv (El sistema no puede encontrar el archivo especificado)
	at java.io.FileInputStream.open0(Native Method)
	at java.io.FileInputStream.open(FileInputStream.java:195)
	at java.io.FileInputStream.<init>(FileInputStream.java:138)
	at java.io.FileInputStream.<init>(FileInputStream.java:93)
	at java.io.FileReader.<init>(FileReader.java:58)
	at com.sinensia.servicios.Metodos.leerValores(Metodos.java:29)
	at com.sinensia.zara.mainZara.main(mainZara.java:20)
[2022-02-27 22:53:19] [ ERROR] [mainZara:29] An exception! Error!
java.io.FileNotFoundException: C:\Users\aguci\eclipse-workspace\zara-project\src\main\resources\stocks-ITX.cs (El sistema no puede encontrar el archivo especificado)
	at java.io.FileInputStream.open0(Native Method)
	at java.io.FileInputStream.open(FileInputStream.java:195)
	at java.io.FileInputStream.<init>(FileInputStream.java:138)
	at java.io.FileInputStream.<init>(FileInputStream.java:93)
	at java.io.FileReader.<init>(FileReader.java:58)
	at com.sinensia.servicios.Metodos.leerValores(Metodos.java:29)
	at com.sinensia.zara.mainZara.main(mainZara.java:20)
